INFO [2022-03-10 20:19:59] $x
INFO [2022-03-10 20:19:59] list(exp_filt$`Gene Symbol`, met_filt$`Gene Symbol`)
INFO [2022-03-10 20:19:59] 
INFO [2022-03-10 20:19:59] $category.names
INFO [2022-03-10 20:19:59] c("Altered Expression", "Altered Methylation")
INFO [2022-03-10 20:19:59] 
INFO [2022-03-10 20:19:59] $filename
INFO [2022-03-10 20:19:59] NULL
INFO [2022-03-10 20:19:59] 
INFO [2022-03-10 20:19:59] $output
INFO [2022-03-10 20:19:59] F
INFO [2022-03-10 20:19:59] 
INFO [2022-03-10 20:19:59] $cat.cex
INFO [2022-03-10 20:19:59] [1] 1.15
INFO [2022-03-10 20:19:59] 
INFO [2022-03-10 20:19:59] $cat.fontface
INFO [2022-03-10 20:19:59] [1] "bold"
INFO [2022-03-10 20:19:59] 
INFO [2022-03-10 20:19:59] $cat.default.pos
INFO [2022-03-10 20:19:59] [1] "outer"
INFO [2022-03-10 20:19:59] 
INFO [2022-03-10 20:19:59] $cat.pos
INFO [2022-03-10 20:19:59] c(-27, 27)
INFO [2022-03-10 20:19:59] 
INFO [2022-03-10 20:19:59] $cat.dist
INFO [2022-03-10 20:19:59] c(0.055, 0.055)
INFO [2022-03-10 20:19:59] 
INFO [2022-03-10 20:19:59] $col
INFO [2022-03-10 20:19:59] c("#440154ff", "#21908dff")
INFO [2022-03-10 20:19:59] 
INFO [2022-03-10 20:19:59] $fill
INFO [2022-03-10 20:19:59] c(alpha("#440154ff", 0.3), alpha("#21908dff", 0.3))
INFO [2022-03-10 20:19:59] 
INFO [2022-03-10 20:19:59] [[12]]
INFO [2022-03-10 20:19:59] 
INFO [2022-03-10 20:19:59] 
