INFO [2022-03-11 11:34:42] $x
INFO [2022-03-11 11:34:42] list(exp_filt$`Gene Symbol`, met_filt$`Gene Symbol`)
INFO [2022-03-11 11:34:42] 
INFO [2022-03-11 11:34:42] $category.names
INFO [2022-03-11 11:34:42] c("Altered Expression", "Altered Methylation")
INFO [2022-03-11 11:34:42] 
INFO [2022-03-11 11:34:42] $filename
INFO [2022-03-11 11:34:42] NULL
INFO [2022-03-11 11:34:42] 
INFO [2022-03-11 11:34:42] $output
INFO [2022-03-11 11:34:42] F
INFO [2022-03-11 11:34:42] 
INFO [2022-03-11 11:34:42] $cat.cex
INFO [2022-03-11 11:34:42] [1] 1.15
INFO [2022-03-11 11:34:42] 
INFO [2022-03-11 11:34:42] $cat.fontface
INFO [2022-03-11 11:34:42] [1] "bold"
INFO [2022-03-11 11:34:42] 
INFO [2022-03-11 11:34:42] $cat.default.pos
INFO [2022-03-11 11:34:42] [1] "outer"
INFO [2022-03-11 11:34:42] 
INFO [2022-03-11 11:34:42] $cat.pos
INFO [2022-03-11 11:34:42] c(-27, 27)
INFO [2022-03-11 11:34:42] 
INFO [2022-03-11 11:34:42] $cat.dist
INFO [2022-03-11 11:34:42] c(0.055, 0.055)
INFO [2022-03-11 11:34:42] 
INFO [2022-03-11 11:34:42] $col
INFO [2022-03-11 11:34:42] c("#440154ff", "#21908dff")
INFO [2022-03-11 11:34:42] 
INFO [2022-03-11 11:34:42] $fill
INFO [2022-03-11 11:34:42] c(alpha("#440154ff", 0.3), alpha("#21908dff", 0.3))
INFO [2022-03-11 11:34:42] 
INFO [2022-03-11 11:34:42] [[12]]
INFO [2022-03-11 11:34:42] 
INFO [2022-03-11 11:34:42] 
