INFO [2022-03-04 01:37:43] $x
INFO [2022-03-04 01:37:43] list(exp_filt$`Gene Symbol`, met_filt$`Gene Symbol`)
INFO [2022-03-04 01:37:43] 
INFO [2022-03-04 01:37:43] $category.names
INFO [2022-03-04 01:37:43] c("Altered Expression", "Altered Methylation")
INFO [2022-03-04 01:37:43] 
INFO [2022-03-04 01:37:43] $filename
INFO [2022-03-04 01:37:43] NULL
INFO [2022-03-04 01:37:43] 
INFO [2022-03-04 01:37:43] $output
INFO [2022-03-04 01:37:43] F
INFO [2022-03-04 01:37:43] 
INFO [2022-03-04 01:37:43] $cat.cex
INFO [2022-03-04 01:37:43] [1] 1.15
INFO [2022-03-04 01:37:43] 
INFO [2022-03-04 01:37:43] $cat.fontface
INFO [2022-03-04 01:37:43] [1] "bold"
INFO [2022-03-04 01:37:43] 
INFO [2022-03-04 01:37:43] $cat.default.pos
INFO [2022-03-04 01:37:43] [1] "outer"
INFO [2022-03-04 01:37:43] 
INFO [2022-03-04 01:37:43] $cat.pos
INFO [2022-03-04 01:37:43] c(-27, 27)
INFO [2022-03-04 01:37:43] 
INFO [2022-03-04 01:37:43] $cat.dist
INFO [2022-03-04 01:37:43] c(0.055, 0.055)
INFO [2022-03-04 01:37:43] 
INFO [2022-03-04 01:37:43] $col
INFO [2022-03-04 01:37:43] c("#440154ff", "#21908dff")
INFO [2022-03-04 01:37:43] 
INFO [2022-03-04 01:37:43] $fill
INFO [2022-03-04 01:37:43] c(alpha("#440154ff", 0.3), alpha("#21908dff", 0.3))
INFO [2022-03-04 01:37:43] 
INFO [2022-03-04 01:37:43] [[12]]
INFO [2022-03-04 01:37:43] 
INFO [2022-03-04 01:37:43] 
