INFO [2022-03-04 17:05:02] $x
INFO [2022-03-04 17:05:02] list(exp_filt$`Gene Symbol`, met_filt$`Gene Symbol`)
INFO [2022-03-04 17:05:02] 
INFO [2022-03-04 17:05:02] $category.names
INFO [2022-03-04 17:05:02] c("Altered Expression", "Altered Methylation")
INFO [2022-03-04 17:05:02] 
INFO [2022-03-04 17:05:02] $filename
INFO [2022-03-04 17:05:02] NULL
INFO [2022-03-04 17:05:02] 
INFO [2022-03-04 17:05:02] $output
INFO [2022-03-04 17:05:02] F
INFO [2022-03-04 17:05:02] 
INFO [2022-03-04 17:05:02] $cat.cex
INFO [2022-03-04 17:05:02] [1] 1.15
INFO [2022-03-04 17:05:02] 
INFO [2022-03-04 17:05:02] $cat.fontface
INFO [2022-03-04 17:05:02] [1] "bold"
INFO [2022-03-04 17:05:02] 
INFO [2022-03-04 17:05:02] $cat.default.pos
INFO [2022-03-04 17:05:02] [1] "outer"
INFO [2022-03-04 17:05:02] 
INFO [2022-03-04 17:05:02] $cat.pos
INFO [2022-03-04 17:05:02] c(-27, 27)
INFO [2022-03-04 17:05:02] 
INFO [2022-03-04 17:05:02] $cat.dist
INFO [2022-03-04 17:05:02] c(0.055, 0.055)
INFO [2022-03-04 17:05:02] 
INFO [2022-03-04 17:05:02] $col
INFO [2022-03-04 17:05:02] c("#440154ff", "#21908dff")
INFO [2022-03-04 17:05:02] 
INFO [2022-03-04 17:05:02] $fill
INFO [2022-03-04 17:05:02] c(alpha("#440154ff", 0.3), alpha("#21908dff", 0.3))
INFO [2022-03-04 17:05:02] 
INFO [2022-03-04 17:05:02] [[12]]
INFO [2022-03-04 17:05:02] 
INFO [2022-03-04 17:05:02] 
