INFO [2022-05-25 22:40:49] $x
INFO [2022-05-25 22:40:49] list(exp_filt$`Gene Symbol`, met_filt$`Gene Symbol`)
INFO [2022-05-25 22:40:49] 
INFO [2022-05-25 22:40:49] $category.names
INFO [2022-05-25 22:40:49] c("Altered Expression", "Altered Methylation")
INFO [2022-05-25 22:40:49] 
INFO [2022-05-25 22:40:49] $filename
INFO [2022-05-25 22:40:49] NULL
INFO [2022-05-25 22:40:49] 
INFO [2022-05-25 22:40:49] $output
INFO [2022-05-25 22:40:49] F
INFO [2022-05-25 22:40:49] 
INFO [2022-05-25 22:40:49] $cat.cex
INFO [2022-05-25 22:40:49] [1] 1.15
INFO [2022-05-25 22:40:49] 
INFO [2022-05-25 22:40:49] $cat.fontface
INFO [2022-05-25 22:40:49] [1] "bold"
INFO [2022-05-25 22:40:49] 
INFO [2022-05-25 22:40:49] $cat.default.pos
INFO [2022-05-25 22:40:49] [1] "outer"
INFO [2022-05-25 22:40:49] 
INFO [2022-05-25 22:40:49] $cat.pos
INFO [2022-05-25 22:40:49] c(-27, 27)
INFO [2022-05-25 22:40:49] 
INFO [2022-05-25 22:40:49] $cat.dist
INFO [2022-05-25 22:40:49] c(0.055, 0.055)
INFO [2022-05-25 22:40:49] 
INFO [2022-05-25 22:40:49] $col
INFO [2022-05-25 22:40:49] c("#440154ff", "#21908dff")
INFO [2022-05-25 22:40:49] 
INFO [2022-05-25 22:40:49] $fill
INFO [2022-05-25 22:40:49] c(alpha("#440154ff", 0.3), alpha("#21908dff", 0.3))
INFO [2022-05-25 22:40:49] 
INFO [2022-05-25 22:40:49] [[12]]
INFO [2022-05-25 22:40:49] 
INFO [2022-05-25 22:40:49] 
