INFO [2022-03-04 12:07:32] $x
INFO [2022-03-04 12:07:32] list(exp_filt$`Gene Symbol`, met_filt$`Gene Symbol`)
INFO [2022-03-04 12:07:32] 
INFO [2022-03-04 12:07:32] $category.names
INFO [2022-03-04 12:07:32] c("Altered Expression", "Altered Methylation")
INFO [2022-03-04 12:07:32] 
INFO [2022-03-04 12:07:32] $filename
INFO [2022-03-04 12:07:32] NULL
INFO [2022-03-04 12:07:32] 
INFO [2022-03-04 12:07:32] $output
INFO [2022-03-04 12:07:32] F
INFO [2022-03-04 12:07:32] 
INFO [2022-03-04 12:07:32] $cat.cex
INFO [2022-03-04 12:07:32] [1] 1.15
INFO [2022-03-04 12:07:32] 
INFO [2022-03-04 12:07:32] $cat.fontface
INFO [2022-03-04 12:07:32] [1] "bold"
INFO [2022-03-04 12:07:32] 
INFO [2022-03-04 12:07:32] $cat.default.pos
INFO [2022-03-04 12:07:32] [1] "outer"
INFO [2022-03-04 12:07:32] 
INFO [2022-03-04 12:07:32] $cat.pos
INFO [2022-03-04 12:07:32] c(-27, 27)
INFO [2022-03-04 12:07:32] 
INFO [2022-03-04 12:07:32] $cat.dist
INFO [2022-03-04 12:07:32] c(0.055, 0.055)
INFO [2022-03-04 12:07:32] 
INFO [2022-03-04 12:07:32] $col
INFO [2022-03-04 12:07:32] c("#440154ff", "#21908dff")
INFO [2022-03-04 12:07:32] 
INFO [2022-03-04 12:07:32] $fill
INFO [2022-03-04 12:07:32] c(alpha("#440154ff", 0.3), alpha("#21908dff", 0.3))
INFO [2022-03-04 12:07:32] 
INFO [2022-03-04 12:07:32] [[12]]
INFO [2022-03-04 12:07:32] 
INFO [2022-03-04 12:07:32] 
