INFO [2022-03-04 01:14:50] $x
INFO [2022-03-04 01:14:50] list(exp_filt$`Gene Symbol`, met_filt$`Gene Symbol`)
INFO [2022-03-04 01:14:50] 
INFO [2022-03-04 01:14:50] $category.names
INFO [2022-03-04 01:14:50] c("Altered Expression", "Altered Methylation")
INFO [2022-03-04 01:14:50] 
INFO [2022-03-04 01:14:50] $filename
INFO [2022-03-04 01:14:50] NULL
INFO [2022-03-04 01:14:50] 
INFO [2022-03-04 01:14:50] $output
INFO [2022-03-04 01:14:50] F
INFO [2022-03-04 01:14:50] 
INFO [2022-03-04 01:14:50] $cat.cex
INFO [2022-03-04 01:14:50] [1] 1.15
INFO [2022-03-04 01:14:50] 
INFO [2022-03-04 01:14:50] $cat.fontface
INFO [2022-03-04 01:14:50] [1] "bold"
INFO [2022-03-04 01:14:50] 
INFO [2022-03-04 01:14:50] $cat.default.pos
INFO [2022-03-04 01:14:50] [1] "outer"
INFO [2022-03-04 01:14:50] 
INFO [2022-03-04 01:14:50] $cat.pos
INFO [2022-03-04 01:14:50] c(-27, 27)
INFO [2022-03-04 01:14:50] 
INFO [2022-03-04 01:14:50] $cat.dist
INFO [2022-03-04 01:14:50] c(0.055, 0.055)
INFO [2022-03-04 01:14:50] 
INFO [2022-03-04 01:14:50] $col
INFO [2022-03-04 01:14:50] c("#440154ff", "#21908dff")
INFO [2022-03-04 01:14:50] 
INFO [2022-03-04 01:14:50] $fill
INFO [2022-03-04 01:14:50] c(alpha("#440154ff", 0.3), alpha("#21908dff", 0.3))
INFO [2022-03-04 01:14:50] 
INFO [2022-03-04 01:14:50] [[12]]
INFO [2022-03-04 01:14:50] 
INFO [2022-03-04 01:14:50] 
